WARNING (10/02/20 04:05:48): LAUNCHER_WORKDIR variable not set. Using current directory.
using /tmp/launcher.6549806.hostlist.jYUHEnJI to get hosts
starting job on c476-033
Warning: Permanently added 'c476-033' (ECDSA) to the list of known hosts.
WARNING (10/02/20 04:06:14): LAUNCHER_WORKDIR variable not set. Using current directory.
WARNING (10/02/20 04:06:15): Unable to start dynamic task service. Retrying...
WARNING (10/02/20 04:06:22): Unable to start dynamic task service. Retrying...
WARNING (10/02/20 04:06:29): Unable to start dynamic task service. Retrying...
WARNING (10/02/20 04:06:36): Unable to start dynamic task service. Retrying...
WARNING (10/02/20 04:06:43): Unable to start dynamic task service. Retrying...
WARNING (10/02/20 04:06:50): Unable to start dynamic task service. Retrying...
WARNING (10/02/20 04:06:57): Unable to start dynamic task service. Retrying...
WARNING (10/02/20 04:07:04): Unable to start dynamic task service. Retrying...
WARNING (10/02/20 04:07:11): Unable to start dynamic task service. Retrying...
using /tmp/launcher.6549806.hostlist.qPjCwBh5 to get hosts
starting job on c476-033
WARNING (10/02/20 04:07:43): LAUNCHER_WORKDIR variable not set. Using current directory.
WARNING (10/02/20 04:07:44): Unable to start dynamic task service. Retrying...
WARNING (10/02/20 04:07:51): Unable to start dynamic task service. Retrying...
WARNING (10/02/20 04:07:58): Unable to start dynamic task service. Retrying...
WARNING (10/02/20 04:08:05): Unable to start dynamic task service. Retrying...
WARNING (10/02/20 04:08:13): Unable to start dynamic task service. Retrying...
WARNING (10/02/20 04:08:20): Unable to start dynamic task service. Retrying...
WARNING (10/02/20 04:08:27): Unable to start dynamic task service. Retrying...
WARNING (10/02/20 04:08:34): Unable to start dynamic task service. Retrying...
using /tmp/launcher.6549806.hostlist.A749QMhX to get hosts
starting job on c476-033
WARNING (10/02/20 04:09:07): LAUNCHER_WORKDIR variable not set. Using current directory.
WARNING (10/02/20 04:09:08): Unable to start dynamic task service. Retrying...
WARNING (10/02/20 04:09:15): Unable to start dynamic task service. Retrying...
WARNING (10/02/20 04:09:22): Unable to start dynamic task service. Retrying...
WARNING (10/02/20 04:09:29): Unable to start dynamic task service. Retrying...
WARNING (10/02/20 04:09:36): Unable to start dynamic task service. Retrying...
WARNING (10/02/20 04:09:43): Unable to start dynamic task service. Retrying...
WARNING (10/02/20 04:09:50): Unable to start dynamic task service. Retrying...
WARNING (10/02/20 04:09:57): Unable to start dynamic task service. Retrying...
WARNING (10/02/20 04:10:04): Unable to start dynamic task service. Retrying...
WARNING (10/02/20 04:10:11): Unable to start dynamic task service. Retrying...
using /tmp/launcher.6549806.hostlist.R60r95CX to get hosts
starting job on c476-033
WARNING (10/02/20 04:10:44): LAUNCHER_WORKDIR variable not set. Using current directory.
WARNING (10/02/20 04:10:45): Unable to start dynamic task service. Retrying...
WARNING (10/02/20 04:10:52): Unable to start dynamic task service. Retrying...
WARNING (10/02/20 04:10:59): Unable to start dynamic task service. Retrying...
WARNING (10/02/20 04:11:06): Unable to start dynamic task service. Retrying...
WARNING (10/02/20 04:11:13): Unable to start dynamic task service. Retrying...
WARNING (10/02/20 04:11:20): Unable to start dynamic task service. Retrying...
using /tmp/launcher.6549806.hostlist.Abi5GqDH to get hosts
starting job on c476-033
WARNING (10/02/20 04:11:53): LAUNCHER_WORKDIR variable not set. Using current directory.
WARNING (10/02/20 04:11:54): Unable to start dynamic task service. Retrying...
WARNING (10/02/20 04:12:01): Unable to start dynamic task service. Retrying...
WARNING (10/02/20 04:12:08): Unable to start dynamic task service. Retrying...
WARNING (10/02/20 04:12:15): Unable to start dynamic task service. Retrying...
WARNING (10/02/20 04:12:22): Unable to start dynamic task service. Retrying...
WARNING (10/02/20 04:12:29): Unable to start dynamic task service. Retrying...
WARNING (10/02/20 04:12:36): Unable to start dynamic task service. Retrying...
WARNING (10/02/20 04:12:43): Unable to start dynamic task service. Retrying...
WARNING (10/02/20 04:12:51): Unable to start dynamic task service. Retrying...
WARNING (10/02/20 04:12:58): Unable to start dynamic task service. Retrying...
using /tmp/launcher.6549806.hostlist.3cZUQxoz to get hosts
starting job on c476-033
WARNING (10/02/20 04:13:30): LAUNCHER_WORKDIR variable not set. Using current directory.
WARNING (10/02/20 04:13:31): Unable to start dynamic task service. Retrying...
WARNING (10/02/20 04:13:38): Unable to start dynamic task service. Retrying...
WARNING (10/02/20 04:13:45): Unable to start dynamic task service. Retrying...
WARNING (10/02/20 04:13:52): Unable to start dynamic task service. Retrying...
WARNING (10/02/20 04:13:59): Unable to start dynamic task service. Retrying...
WARNING (10/02/20 04:14:06): Unable to start dynamic task service. Retrying...
WARNING (10/02/20 04:14:13): Unable to start dynamic task service. Retrying...
WARNING (10/02/20 04:14:20): Unable to start dynamic task service. Retrying...
WARNING (10/02/20 04:14:27): Unable to start dynamic task service. Retrying...
WARNING (10/02/20 04:14:34): Unable to start dynamic task service. Retrying...
using /tmp/launcher.6549806.hostlist.GaFME7ZR to get hosts
starting job on c476-033
WARNING (10/02/20 04:15:07): LAUNCHER_WORKDIR variable not set. Using current directory.
WARNING (10/02/20 04:15:08): Unable to start dynamic task service. Retrying...
WARNING (10/02/20 04:15:15): Unable to start dynamic task service. Retrying...
WARNING (10/02/20 04:15:22): Unable to start dynamic task service. Retrying...
WARNING (10/02/20 04:15:29): Unable to start dynamic task service. Retrying...
WARNING (10/02/20 04:15:36): Unable to start dynamic task service. Retrying...
WARNING (10/02/20 04:15:44): Unable to start dynamic task service. Retrying...
WARNING (10/02/20 04:15:51): Unable to start dynamic task service. Retrying...
WARNING (10/02/20 04:15:58): Unable to start dynamic task service. Retrying...
WARNING (10/02/20 04:16:05): Unable to start dynamic task service. Retrying...
using /tmp/launcher.6549806.hostlist.oVOkwQ1b to get hosts
starting job on c476-033
WARNING (10/02/20 04:16:36): LAUNCHER_WORKDIR variable not set. Using current directory.
WARNING (10/02/20 04:16:38): Unable to start dynamic task service. Retrying...
WARNING (10/02/20 04:16:45): Unable to start dynamic task service. Retrying...
WARNING (10/02/20 04:16:52): Unable to start dynamic task service. Retrying...
WARNING (10/02/20 04:16:59): Unable to start dynamic task service. Retrying...
WARNING (10/02/20 04:17:06): Unable to start dynamic task service. Retrying...
WARNING (10/02/20 04:17:13): Unable to start dynamic task service. Retrying...
WARNING (10/02/20 04:17:20): Unable to start dynamic task service. Retrying...
WARNING (10/02/20 04:17:27): Unable to start dynamic task service. Retrying...
WARNING (10/02/20 04:17:34): Unable to start dynamic task service. Retrying...
using /tmp/launcher.6549806.hostlist.6umbhlJP to get hosts
starting job on c476-033
